<?xml version="1.0" encoding="UTF-8"?>
<coverage generated="1709964373834" clover="3.2.0">
  <project timestamp="1709964373834" name="All files">
    <metrics statements="13" coveredstatements="13" conditionals="6" coveredconditionals="4" methods="4" coveredmethods="4" elements="23" coveredelements="21" complexity="0" loc="13" ncloc="13" packages="2" files="2" classes="2"/>
    <package name="components">
      <metrics statements="10" coveredstatements="10" conditionals="6" coveredconditionals="4" methods="4" coveredmethods="4"/>
      <file name="Header.js" path="D:\React-Repo\src\components\Header.js">
        <metrics statements="10" coveredstatements="10" conditionals="6" coveredconditionals="4" methods="4" coveredmethods="4"/>
        <line num="8" count="2" type="stmt"/>
        <line num="10" count="13" type="stmt"/>
        <line num="11" count="13" type="stmt"/>
        <line num="16" count="13" type="stmt"/>
        <line num="17" count="8" type="stmt"/>
        <line num="20" count="13" type="stmt"/>
        <line num="22" count="13" type="stmt"/>
        <line num="25" count="25" type="stmt"/>
        <line num="27" count="13" type="stmt"/>
        <line num="53" count="1" type="cond" truecount="1" falsecount="1"/>
      </file>
    </package>
    <package name="utils">
      <metrics statements="3" coveredstatements="3" conditionals="0" coveredconditionals="0" methods="0" coveredmethods="0"/>
      <file name="constants.js" path="D:\React-Repo\src\utils\constants.js">
        <metrics statements="3" coveredstatements="3" conditionals="0" coveredconditionals="0" methods="0" coveredmethods="0"/>
        <line num="2" count="4" type="stmt"/>
        <line num="5" count="4" type="stmt"/>
        <line num="8" count="4" type="stmt"/>
      </file>
    </package>
  </project>
</coverage>
