<?xml version="1.0" encoding="UTF-8"?>
<coverage generated="1709961862619" clover="3.2.0">
  <project timestamp="1709961862620" name="All files">
    <metrics statements="40" coveredstatements="38" conditionals="14" coveredconditionals="11" methods="17" coveredmethods="15" elements="71" coveredelements="64" complexity="0" loc="40" ncloc="40" packages="2" files="6" classes="6"/>
    <package name="components">
      <metrics statements="38" coveredstatements="36" conditionals="14" coveredconditionals="11" methods="17" coveredmethods="15"/>
      <file name="Cart.js" path="D:\React-Repo\src\components\Cart.js">
        <metrics statements="6" coveredstatements="6" conditionals="2" coveredconditionals="2" methods="3" coveredmethods="3"/>
        <line num="6" count="1" type="stmt"/>
        <line num="9" count="16" type="stmt"/>
        <line num="10" count="8" type="stmt"/>
        <line num="12" count="8" type="stmt"/>
        <line num="13" count="1" type="stmt"/>
        <line num="15" count="8" type="stmt"/>
      </file>
      <file name="Contact.js" path="D:\React-Repo\src\components\Contact.js">
        <metrics statements="2" coveredstatements="2" conditionals="0" coveredconditionals="0" methods="1" coveredmethods="1"/>
        <line num="1" count="1" type="stmt"/>
        <line num="2" count="5" type="stmt"/>
      </file>
      <file name="Header.js" path="D:\React-Repo\src\components\Header.js">
        <metrics statements="10" coveredstatements="9" conditionals="4" coveredconditionals="1" methods="4" coveredmethods="3"/>
        <line num="8" count="1" type="stmt"/>
        <line num="10" count="8" type="stmt"/>
        <line num="11" count="8" type="stmt"/>
        <line num="16" count="8" type="stmt"/>
        <line num="17" count="3" type="stmt"/>
        <line num="20" count="8" type="stmt"/>
        <line num="22" count="8" type="stmt"/>
        <line num="25" count="16" type="stmt"/>
        <line num="27" count="8" type="stmt"/>
        <line num="51" count="0" type="cond" truecount="0" falsecount="2"/>
      </file>
      <file name="ItemList.js" path="D:\React-Repo\src\components\ItemList.js">
        <metrics statements="9" coveredstatements="8" conditionals="4" coveredconditionals="4" methods="5" coveredmethods="4"/>
        <line num="6" count="1" type="stmt"/>
        <line num="9" count="11" type="stmt"/>
        <line num="11" count="11" type="stmt"/>
        <line num="13" count="4" type="stmt"/>
        <line num="16" count="11" type="stmt"/>
        <line num="17" count="0" type="stmt"/>
        <line num="20" count="11" type="stmt"/>
        <line num="22" count="73" type="stmt"/>
        <line num="35" count="4" type="stmt"/>
      </file>
      <file name="RestaurantMenu.js" path="D:\React-Repo\src\components\RestaurantMenu.js">
        <metrics statements="11" coveredstatements="11" conditionals="4" coveredconditionals="4" methods="4" coveredmethods="4"/>
        <line num="8" count="1" type="stmt"/>
        <line num="11" count="9" type="stmt"/>
        <line num="15" count="9" type="stmt"/>
        <line num="17" count="9" type="stmt"/>
        <line num="21" count="9" type="cond" truecount="2" falsecount="0"/>
        <line num="22" count="3" type="stmt"/>
        <line num="29" count="9" type="stmt"/>
        <line num="34" count="9" type="stmt"/>
        <line num="39" count="84" type="stmt"/>
        <line num="41" count="12" type="cond" truecount="2" falsecount="0"/>
        <line num="42" count="3" type="stmt"/>
      </file>
    </package>
    <package name="utils">
      <metrics statements="2" coveredstatements="2" conditionals="0" coveredconditionals="0" methods="0" coveredmethods="0"/>
      <file name="appStore.js" path="D:\React-Repo\src\utils\appStore.js">
        <metrics statements="2" coveredstatements="2" conditionals="0" coveredconditionals="0" methods="0" coveredmethods="0"/>
        <line num="3" count="1" type="stmt"/>
        <line num="5" count="1" type="stmt"/>
      </file>
    </package>
  </project>
</coverage>
