{"D:\\React-Repo\\src\\components\\Header.js": {"path":"D:\\React-Repo\\src\\components\\Header.js","statementMap":{"0":{"start":{"line":8,"column":15},"end":{"line":67,"column":1}},"1":{"start":{"line":10,"column":33},"end":{"line":10,"column":50}},"2":{"start":{"line":11,"column":4},"end":{"line":11,"column":33}},"3":{"start":{"line":16,"column":4},"end":{"line":18,"column":17}},"4":{"start":{"line":17,"column":8},"end":{"line":17,"column":40}},"5":{"start":{"line":20,"column":23},"end":{"line":20,"column":40}},"6":{"start":{"line":22,"column":25},"end":{"line":22,"column":48}},"7":{"start":{"line":25,"column":22},"end":{"line":25,"column":60}},"8":{"start":{"line":25,"column":43},"end":{"line":25,"column":59}},"9":{"start":{"line":27,"column":4},"end":{"line":66,"column":5}},"10":{"start":{"line":53,"column":32},"end":{"line":55,"column":54}}},"fnMap":{"0":{"name":"(anonymous_0)","decl":{"start":{"line":8,"column":15},"end":{"line":8,"column":16}},"loc":{"start":{"line":8,"column":21},"end":{"line":67,"column":1}},"line":8},"1":{"name":"(anonymous_1)","decl":{"start":{"line":16,"column":14},"end":{"line":16,"column":15}},"loc":{"start":{"line":16,"column":18},"end":{"line":18,"column":5}},"line":16},"2":{"name":"(anonymous_2)","decl":{"start":{"line":25,"column":34},"end":{"line":25,"column":35}},"loc":{"start":{"line":25,"column":43},"end":{"line":25,"column":59}},"line":25},"3":{"name":"(anonymous_3)","decl":{"start":{"line":52,"column":64},"end":{"line":52,"column":65}},"loc":{"start":{"line":52,"column":70},"end":{"line":56,"column":29}},"line":52}},"branchMap":{"0":{"loc":{"start":{"line":35,"column":41},"end":{"line":35,"column":64}},"type":"cond-expr","locations":[{"start":{"line":35,"column":54},"end":{"line":35,"column":59}},{"start":{"line":35,"column":60},"end":{"line":35,"column":64}}],"line":35},"1":{"loc":{"start":{"line":51,"column":34},"end":{"line":51,"column":76}},"type":"cond-expr","locations":[{"start":{"line":51,"column":56},"end":{"line":51,"column":64}},{"start":{"line":51,"column":67},"end":{"line":51,"column":76}}],"line":51},"2":{"loc":{"start":{"line":53,"column":32},"end":{"line":55,"column":53}},"type":"cond-expr","locations":[{"start":{"line":54,"column":34},"end":{"line":54,"column":54}},{"start":{"line":55,"column":34},"end":{"line":55,"column":53}}],"line":53}},"s":{"0":2,"1":13,"2":13,"3":13,"4":8,"5":13,"6":13,"7":13,"8":25,"9":13,"10":1},"f":{"0":13,"1":8,"2":25,"3":1},"b":{"0":[13,0],"1":[12,1],"2":[1,0]},"_coverageSchema":"1a1c01bbd47fc00a2c39e90264f33305004495a9","hash":"ce5730984e31e396e3d822bd405a39ac8d4cccb5"}
,"D:\\React-Repo\\src\\utils\\constants.js": {"path":"D:\\React-Repo\\src\\utils\\constants.js","statementMap":{"0":{"start":{"line":2,"column":2},"end":{"line":2,"column":93}},"1":{"start":{"line":5,"column":2},"end":{"line":5,"column":74}},"2":{"start":{"line":8,"column":0},"end":{"line":8,"column":119}}},"fnMap":{},"branchMap":{},"s":{"0":4,"1":4,"2":4},"f":{},"b":{},"_coverageSchema":"1a1c01bbd47fc00a2c39e90264f33305004495a9","hash":"48d191f6ba6041a45b6926f54631e6ae1c8ef5bf"}
}
