{"D:\\React-Repo\\src\\components\\Body.js": {"path":"D:\\React-Repo\\src\\components\\Body.js","statementMap":{"0":{"start":{"line":9,"column":13},"end":{"line":105,"column":1}},"1":{"start":{"line":12,"column":50},"end":{"line":12,"column":62}},"2":{"start":{"line":13,"column":56},"end":{"line":13,"column":68}},"3":{"start":{"line":15,"column":37},"end":{"line":15,"column":49}},"4":{"start":{"line":17,"column":38},"end":{"line":17,"column":61}},"5":{"start":{"line":19,"column":35},"end":{"line":19,"column":67}},"6":{"start":{"line":26,"column":4},"end":{"line":29,"column":10}},"7":{"start":{"line":28,"column":8},"end":{"line":28,"column":20}},"8":{"start":{"line":31,"column":21},"end":{"line":44,"column":5}},"9":{"start":{"line":33,"column":21},"end":{"line":35,"column":9}},"10":{"start":{"line":36,"column":21},"end":{"line":36,"column":38}},"11":{"start":{"line":41,"column":8},"end":{"line":41,"column":104}},"12":{"start":{"line":42,"column":8},"end":{"line":42,"column":106}},"13":{"start":{"line":46,"column":23},"end":{"line":46,"column":40}},"14":{"start":{"line":47,"column":4},"end":{"line":47,"column":112}},"15":{"start":{"line":47,"column":29},"end":{"line":47,"column":112}},"16":{"start":{"line":53,"column":4},"end":{"line":104,"column":6}},"17":{"start":{"line":59,"column":24},"end":{"line":59,"column":54}},"18":{"start":{"line":64,"column":24},"end":{"line":64,"column":48}},"19":{"start":{"line":66,"column":51},"end":{"line":66,"column":148}},"20":{"start":{"line":66,"column":85},"end":{"line":66,"column":147}},"21":{"start":{"line":67,"column":24},"end":{"line":67,"column":56}},"22":{"start":{"line":68,"column":24},"end":{"line":68,"column":66}},"23":{"start":{"line":75,"column":39},"end":{"line":77,"column":21}},"24":{"start":{"line":76,"column":31},"end":{"line":76,"column":51}},"25":{"start":{"line":78,"column":20},"end":{"line":78,"column":56}},"26":{"start":{"line":85,"column":99},"end":{"line":85,"column":126}},"27":{"start":{"line":92,"column":19},"end":{"line":99,"column":27}}},"fnMap":{"0":{"name":"(anonymous_0)","decl":{"start":{"line":9,"column":13},"end":{"line":9,"column":14}},"loc":{"start":{"line":9,"column":19},"end":{"line":105,"column":1}},"line":9},"1":{"name":"(anonymous_1)","decl":{"start":{"line":26,"column":14},"end":{"line":26,"column":15}},"loc":{"start":{"line":26,"column":18},"end":{"line":29,"column":5}},"line":26},"2":{"name":"(anonymous_2)","decl":{"start":{"line":31,"column":21},"end":{"line":31,"column":22}},"loc":{"start":{"line":31,"column":33},"end":{"line":44,"column":5}},"line":31},"3":{"name":"(anonymous_3)","decl":{"start":{"line":58,"column":140},"end":{"line":58,"column":141}},"loc":{"start":{"line":58,"column":145},"end":{"line":60,"column":21}},"line":58},"4":{"name":"(anonymous_4)","decl":{"start":{"line":61,"column":87},"end":{"line":61,"column":88}},"loc":{"start":{"line":61,"column":93},"end":{"line":71,"column":21}},"line":61},"5":{"name":"(anonymous_5)","decl":{"start":{"line":66,"column":76},"end":{"line":66,"column":77}},"loc":{"start":{"line":66,"column":85},"end":{"line":66,"column":147}},"line":66},"6":{"name":"(anonymous_6)","decl":{"start":{"line":74,"column":78},"end":{"line":74,"column":79}},"loc":{"start":{"line":74,"column":82},"end":{"line":79,"column":17}},"line":74},"7":{"name":"(anonymous_7)","decl":{"start":{"line":76,"column":24},"end":{"line":76,"column":25}},"loc":{"start":{"line":76,"column":31},"end":{"line":76,"column":51}},"line":76},"8":{"name":"(anonymous_8)","decl":{"start":{"line":85,"column":94},"end":{"line":85,"column":95}},"loc":{"start":{"line":85,"column":99},"end":{"line":85,"column":126}},"line":85},"9":{"name":"(anonymous_9)","decl":{"start":{"line":91,"column":44},"end":{"line":91,"column":45}},"loc":{"start":{"line":92,"column":19},"end":{"line":99,"column":27}},"line":92}},"branchMap":{"0":{"loc":{"start":{"line":47,"column":4},"end":{"line":47,"column":112}},"type":"if","locations":[{"start":{"line":47,"column":4},"end":{"line":47,"column":112}},{"start":{},"end":{}}],"line":47},"1":{"loc":{"start":{"line":53,"column":11},"end":{"line":104,"column":5}},"type":"cond-expr","locations":[{"start":{"line":54,"column":8},"end":{"line":54,"column":18}},{"start":{"line":55,"column":8},"end":{"line":103,"column":14}}],"line":53},"2":{"loc":{"start":{"line":96,"column":20},"end":{"line":96,"column":136}},"type":"cond-expr","locations":[{"start":{"line":96,"column":49},"end":{"line":96,"column":95}},{"start":{"line":96,"column":98},"end":{"line":96,"column":136}}],"line":96}},"s":{"0":1,"1":7,"2":7,"3":7,"4":7,"5":7,"6":7,"7":2,"8":7,"9":2,"10":2,"11":2,"12":2,"13":7,"14":7,"15":0,"16":7,"17":1,"18":1,"19":1,"20":20,"21":1,"22":1,"23":1,"24":20,"25":1,"26":0,"27":77},"f":{"0":7,"1":2,"2":2,"3":1,"4":1,"5":20,"6":1,"7":20,"8":0,"9":77},"b":{"0":[0,7],"1":[2,5],"2":[0,77]},"_coverageSchema":"1a1c01bbd47fc00a2c39e90264f33305004495a9","hash":"6b1bb2640e24824db6e7b72ef13c3432e8a25cb1"}
}
