TN:
SF:src\components\Header.js
FN:8,(anonymous_0)
FN:16,(anonymous_1)
FN:25,(anonymous_2)
FN:52,(anonymous_3)
FNF:4
FNH:4
FNDA:13,(anonymous_0)
FNDA:8,(anonymous_1)
FNDA:25,(anonymous_2)
FNDA:1,(anonymous_3)
DA:8,2
DA:10,13
DA:11,13
DA:16,13
DA:17,8
DA:20,13
DA:22,13
DA:25,25
DA:27,13
DA:53,1
LF:10
LH:10
BRDA:35,0,0,13
BRDA:35,0,1,0
BRDA:51,1,0,12
BRDA:51,1,1,1
BRDA:53,2,0,1
BRDA:53,2,1,0
BRF:6
BRH:4
end_of_record
TN:
SF:src\utils\constants.js
FNF:0
FNH:0
DA:2,4
DA:5,4
DA:8,4
LF:3
LH:3
BRF:0
BRH:0
end_of_record
