TN:
SF:src\components\Body.js
FN:9,(anonymous_0)
FN:26,(anonymous_1)
FN:31,(anonymous_2)
FN:58,(anonymous_3)
FN:61,(anonymous_4)
FN:66,(anonymous_5)
FN:74,(anonymous_6)
FN:76,(anonymous_7)
FN:85,(anonymous_8)
FN:91,(anonymous_9)
FNF:10
FNH:9
FNDA:7,(anonymous_0)
FNDA:2,(anonymous_1)
FNDA:2,(anonymous_2)
FNDA:1,(anonymous_3)
FNDA:1,(anonymous_4)
FNDA:20,(anonymous_5)
FNDA:1,(anonymous_6)
FNDA:20,(anonymous_7)
FNDA:0,(anonymous_8)
FNDA:77,(anonymous_9)
DA:9,1
DA:12,7
DA:13,7
DA:15,7
DA:17,7
DA:19,7
DA:26,7
DA:28,2
DA:31,7
DA:33,2
DA:36,2
DA:41,2
DA:42,2
DA:46,7
DA:47,7
DA:53,7
DA:59,1
DA:64,1
DA:66,20
DA:67,1
DA:68,1
DA:75,1
DA:76,20
DA:78,1
DA:85,0
DA:92,77
LF:26
LH:25
BRDA:47,0,0,0
BRDA:47,0,1,7
BRDA:53,1,0,2
BRDA:53,1,1,5
BRDA:96,2,0,0
BRDA:96,2,1,77
BRF:6
BRH:4
end_of_record
